[2020-03-12 13:57:54] local.ERROR: The resource owner or authorization server denied the request. {"exception":"[object] (League\\OAuth2\\Server\\Exception\\OAuthServerException(code: 9): The resource owner or authorization server denied the request. at C:\\Users\\Kojot\\Documents\\VScode\\digitalspark-laravel\\vendor\\league\\oauth2-server\\src\\Exception\\OAuthServerException.php:215)
[stacktrace]
#0 C:\\Users\\Kojot\\Documents\\VScode\\digitalspark-laravel\\vendor\\league\\oauth2-server\\src\\AuthorizationValidators\\BearerTokenValidator.php(89): League\\OAuth2\\Server\\Exception\\OAuthServerException::accessDenied('Access token ha...')
#1 C:\\Users\\Kojot\\Documents\\VScode\\digitalspark-laravel\\vendor\\league\\oauth2-server\\src\\ResourceServer.php(84): League\\OAuth2\\Server\\AuthorizationValidators\\BearerTokenValidator->validateAuthorization(Object(Zend\\Diactoros\\ServerRequest))
#2 C:\\Users\\Kojot\\Documents\\VScode\\digitalspark-laravel\\vendor\\laravel\\passport\\src\\Guards\\TokenGuard.php(174): League\\OAuth2\\Server\\ResourceServer->validateAuthenticatedRequest(Object(Zend\\Diactoros\\ServerRequest))
#3 C:\\Users\\Kojot\\Documents\\VScode\\digitalspark-laravel\\vendor\\laravel\\passport\\src\\Guards\\TokenGuard.php(126): Laravel\\Passport\\Guards\\TokenGuard->getPsrRequestViaBearerToken(Object(Illuminate\\Http\\Request))
#4 C:\\Users\\Kojot\\Documents\\VScode\\digitalspark-laravel\\vendor\\laravel\\passport\\src\\Guards\\TokenGuard.php(89): Laravel\\Passport\\Guards\\TokenGuard->authenticateViaBearerToken(Object(Illuminate\\Http\\Request))
#5 C:\\Users\\Kojot\\Documents\\VScode\\digitalspark-laravel\\vendor\\laravel\\passport\\src\\PassportServiceProvider.php(274): Laravel\\Passport\\Guards\\TokenGuard->user(Object(Illuminate\\Http\\Request))
#6 [internal function]: Laravel\\Passport\\PassportServiceProvider->Laravel\\Passport\\{closure}(Object(Illuminate\\Http\\Request), NULL)
#7 C:\\Users\\Kojot\\Documents\\VScode\\digitalspark-laravel\\vendor\\laravel\\framework\\src\\Illuminate\\Auth\\RequestGuard.php(58): call_user_func(Object(Closure), Object(Illuminate\\Http\\Request), NULL)
#8 C:\\Users\\Kojot\\Documents\\VScode\\digitalspark-laravel\\vendor\\laravel\\framework\\src\\Illuminate\\Auth\\GuardHelpers.php(60): Illuminate\\Auth\\RequestGuard->user()
#9 C:\\Users\\Kojot\\Documents\\VScode\\digitalspark-laravel\\vendor\\laravel\\framework\\src\\Illuminate\\Auth\\Middleware\\Authenticate.php(62): Illuminate\\Auth\\RequestGuard->check()
#10 C:\\Users\\Kojot\\Documents\\VScode\\digitalspark-laravel\\vendor\\laravel\\framework\\src\\Illuminate\\Auth\\Middleware\\Authenticate.php(41): Illuminate\\Auth\\Middleware\\Authenticate->authenticate(Object(Illuminate\\Http\\Request), Array)
#11 C:\\Users\\Kojot\\Documents\\VScode\\digitalspark-laravel\\vendor\\laravel\\framework\\src\\Illuminate\\Pipeline\\Pipeline.php(151): Illuminate\\Auth\\Middleware\\Authenticate->handle(Object(Illuminate\\Http\\Request), Object(Closure), 'api')
#12 C:\\Users\\Kojot\\Documents\\VScode\\digitalspark-laravel\\vendor\\laravel\\framework\\src\\Illuminate\\Routing\\Pipeline.php(53): Illuminate\\Pipeline\\Pipeline->Illuminate\\Pipeline\\{closure}(Object(Illuminate\\Http\\Request))
#13 C:\\Users\\Kojot\\Documents\\VScode\\digitalspark-laravel\\vendor\\laravel\\framework\\src\\Illuminate\\Pipeline\\Pipeline.php(104): Illuminate\\Routing\\Pipeline->Illuminate\\Routing\\{closure}(Object(Illuminate\\Http\\Request))
#14 C:\\Users\\Kojot\\Documents\\VScode\\digitalspark-laravel\\vendor\\laravel\\framework\\src\\Illuminate\\Routing\\Router.php(684): Illuminate\\Pipeline\\Pipeline->then(Object(Closure))
#15 C:\\Users\\Kojot\\Documents\\VScode\\digitalspark-laravel\\vendor\\laravel\\framework\\src\\Illuminate\\Routing\\Router.php(659): Illuminate\\Routing\\Router->runRouteWithinStack(Object(Illuminate\\Routing\\Route), Object(Illuminate\\Http\\Request))
#16 C:\\Users\\Kojot\\Documents\\VScode\\digitalspark-laravel\\vendor\\laravel\\framework\\src\\Illuminate\\Routing\\Router.php(625): Illuminate\\Routing\\Router->runRoute(Object(Illuminate\\Http\\Request), Object(Illuminate\\Routing\\Route))
#17 C:\\Users\\Kojot\\Documents\\VScode\\digitalspark-laravel\\vendor\\laravel\\framework\\src\\Illuminate\\Routing\\Router.php(614): Illuminate\\Routing\\Router->dispatchToRoute(Object(Illuminate\\Http\\Request))
#18 C:\\Users\\Kojot\\Documents\\VScode\\digitalspark-laravel\\vendor\\laravel\\framework\\src\\Illuminate\\Foundation\\Http\\Kernel.php(176): Illuminate\\Routing\\Router->dispatch(Object(Illuminate\\Http\\Request))
#19 C:\\Users\\Kojot\\Documents\\VScode\\digitalspark-laravel\\vendor\\laravel\\framework\\src\\Illuminate\\Routing\\Pipeline.php(30): Illuminate\\Foundation\\Http\\Kernel->Illuminate\\Foundation\\Http\\{closure}(Object(Illuminate\\Http\\Request))
#20 C:\\Users\\Kojot\\Documents\\VScode\\digitalspark-laravel\\vendor\\fideloper\\proxy\\src\\TrustProxies.php(57): Illuminate\\Routing\\Pipeline->Illuminate\\Routing\\{closure}(Object(Illuminate\\Http\\Request))
#21 C:\\Users\\Kojot\\Documents\\VScode\\digitalspark-laravel\\vendor\\laravel\\framework\\src\\Illuminate\\Pipeline\\Pipeline.php(151): Fideloper\\Proxy\\TrustProxies->handle(Object(Illuminate\\Http\\Request), Object(Closure))
#22 C:\\Users\\Kojot\\Documents\\VScode\\digitalspark-laravel\\vendor\\laravel\\framework\\src\\Illuminate\\Routing\\Pipeline.php(53): Illuminate\\Pipeline\\Pipeline->Illuminate\\Pipeline\\{closure}(Object(Illuminate\\Http\\Request))
#23 C:\\Users\\Kojot\\Documents\\VScode\\digitalspark-laravel\\vendor\\laravel\\framework\\src\\Illuminate\\Foundation\\Http\\Middleware\\TransformsRequest.php(31): Illuminate\\Routing\\Pipeline->Illuminate\\Routing\\{closure}(Object(Illuminate\\Http\\Request))
#24 C:\\Users\\Kojot\\Documents\\VScode\\digitalspark-laravel\\vendor\\laravel\\framework\\src\\Illuminate\\Pipeline\\Pipeline.php(151): Illuminate\\Foundation\\Http\\Middleware\\TransformsRequest->handle(Object(Illuminate\\Http\\Request), Object(Closure))
#25 C:\\Users\\Kojot\\Documents\\VScode\\digitalspark-laravel\\vendor\\laravel\\framework\\src\\Illuminate\\Routing\\Pipeline.php(53): Illuminate\\Pipeline\\Pipeline->Illuminate\\Pipeline\\{closure}(Object(Illuminate\\Http\\Request))
#26 C:\\Users\\Kojot\\Documents\\VScode\\digitalspark-laravel\\vendor\\laravel\\framework\\src\\Illuminate\\Foundation\\Http\\Middleware\\TransformsRequest.php(31): Illuminate\\Routing\\Pipeline->Illuminate\\Routing\\{closure}(Object(Illuminate\\Http\\Request))
#27 C:\\Users\\Kojot\\Documents\\VScode\\digitalspark-laravel\\vendor\\laravel\\framework\\src\\Illuminate\\Pipeline\\Pipeline.php(151): Illuminate\\Foundation\\Http\\Middleware\\TransformsRequest->handle(Object(Illuminate\\Http\\Request), Object(Closure))
#28 C:\\Users\\Kojot\\Documents\\VScode\\digitalspark-laravel\\vendor\\laravel\\framework\\src\\Illuminate\\Routing\\Pipeline.php(53): Illuminate\\Pipeline\\Pipeline->Illuminate\\Pipeline\\{closure}(Object(Illuminate\\Http\\Request))
#29 C:\\Users\\Kojot\\Documents\\VScode\\digitalspark-laravel\\vendor\\laravel\\framework\\src\\Illuminate\\Foundation\\Http\\Middleware\\ValidatePostSize.php(27): Illuminate\\Routing\\Pipeline->Illuminate\\Routing\\{closure}(Object(Illuminate\\Http\\Request))
#30 C:\\Users\\Kojot\\Documents\\VScode\\digitalspark-laravel\\vendor\\laravel\\framework\\src\\Illuminate\\Pipeline\\Pipeline.php(151): Illuminate\\Foundation\\Http\\Middleware\\ValidatePostSize->handle(Object(Illuminate\\Http\\Request), Object(Closure))
#31 C:\\Users\\Kojot\\Documents\\VScode\\digitalspark-laravel\\vendor\\laravel\\framework\\src\\Illuminate\\Routing\\Pipeline.php(53): Illuminate\\Pipeline\\Pipeline->Illuminate\\Pipeline\\{closure}(Object(Illuminate\\Http\\Request))
#32 C:\\Users\\Kojot\\Documents\\VScode\\digitalspark-laravel\\vendor\\laravel\\framework\\src\\Illuminate\\Foundation\\Http\\Middleware\\CheckForMaintenanceMode.php(62): Illuminate\\Routing\\Pipeline->Illuminate\\Routing\\{closure}(Object(Illuminate\\Http\\Request))
#33 C:\\Users\\Kojot\\Documents\\VScode\\digitalspark-laravel\\vendor\\laravel\\framework\\src\\Illuminate\\Pipeline\\Pipeline.php(151): Illuminate\\Foundation\\Http\\Middleware\\CheckForMaintenanceMode->handle(Object(Illuminate\\Http\\Request), Object(Closure))
#34 C:\\Users\\Kojot\\Documents\\VScode\\digitalspark-laravel\\vendor\\laravel\\framework\\src\\Illuminate\\Routing\\Pipeline.php(53): Illuminate\\Pipeline\\Pipeline->Illuminate\\Pipeline\\{closure}(Object(Illuminate\\Http\\Request))
#35 C:\\Users\\Kojot\\Documents\\VScode\\digitalspark-laravel\\vendor\\laravel\\framework\\src\\Illuminate\\Pipeline\\Pipeline.php(104): Illuminate\\Routing\\Pipeline->Illuminate\\Routing\\{closure}(Object(Illuminate\\Http\\Request))
#36 C:\\Users\\Kojot\\Documents\\VScode\\digitalspark-laravel\\vendor\\laravel\\framework\\src\\Illuminate\\Foundation\\Http\\Kernel.php(151): Illuminate\\Pipeline\\Pipeline->then(Object(Closure))
#37 C:\\Users\\Kojot\\Documents\\VScode\\digitalspark-laravel\\vendor\\laravel\\framework\\src\\Illuminate\\Foundation\\Http\\Kernel.php(116): Illuminate\\Foundation\\Http\\Kernel->sendRequestThroughRouter(Object(Illuminate\\Http\\Request))
#38 C:\\Users\\Kojot\\Documents\\VScode\\digitalspark-laravel\\public\\index.php(55): Illuminate\\Foundation\\Http\\Kernel->handle(Object(Illuminate\\Http\\Request))
#39 C:\\Users\\Kojot\\Documents\\VScode\\digitalspark-laravel\\server.php(21): require_once('C:\\\\Users\\\\Kojot\\\\...')
#40 {main}
"} 
